<?xml version="1.0" encoding="UTF-8"?>
<testsuite name="com.nmmedit.apkprotect.dex2c.ProtectionContextBindingTest" tests="3" skipped="0" failures="0" errors="0" timestamp="2026-09-12T17:36:04" hostname="DESKTOP-MHK8Q30" time="0.0">
  <properties/>
  <testcase name="xorSignerDigestUsesFixedMaskAndIsReversible" classname="com.nmmedit.apkprotect.dex2c.ProtectionContextBindingTest" time="0.0"/>
  <testcase name="legacyContextKeepsRawSeed" classname="com.nmmedit.apkprotect.dex2c.ProtectionContextBindingTest" time="0.0"/>
  <testcase name="wrapsSeedWithPackageCertificateAndBuildId" classname="com.nmmedit.apkprotect.dex2c.ProtectionContextBindingTest" time="0.0"/>
  <system-out><![CDATA[]]></system-out>
  <system-err><![CDATA[]]></system-err>
</testsuite>
