<?xml version="1.0" encoding="UTF-8"?>
<testsuite name="com.nmmedit.dex2c.MyMethodUtilTest" tests="4" skipped="0" failures="0" errors="0" timestamp="2026-09-12T17:36:05" hostname="DESKTOP-MHK8Q30" time="0.001">
  <properties/>
  <testcase name="testAdditionalInstructionIsNotEmpty" classname="com.nmmedit.dex2c.MyMethodUtilTest" time="0.0"/>
  <testcase name="testMethodWithoutImplementationIsNotEmpty" classname="com.nmmedit.dex2c.MyMethodUtilTest" time="0.0"/>
  <testcase name="testOnlyReturnVoidIsEmpty" classname="com.nmmedit.dex2c.MyMethodUtilTest" time="0.0"/>
  <testcase name="testNonVoidMethodIsNotEmpty" classname="com.nmmedit.dex2c.MyMethodUtilTest" time="0.0"/>
  <system-out><![CDATA[]]></system-out>
  <system-err><![CDATA[]]></system-err>
</testsuite>
