<?xml version="1.0" encoding="UTF-8"?>
<testsuite name="com.nmmedit.dex2c.Dex2cTest" tests="5" skipped="0" failures="0" errors="0" timestamp="2026-09-12T17:36:04" hostname="DESKTOP-MHK8Q30" time="0.852">
  <properties/>
  <testcase name="testSignatureBoundRegistrationUsesInitSlotZero" classname="com.nmmedit.dex2c.Dex2cTest" time="0.575"/>
  <testcase name="testClassInvokeSuperUsesDirectSuperclass" classname="com.nmmedit.dex2c.Dex2cTest" time="0.0"/>
  <testcase name="testDexConvert" classname="com.nmmedit.dex2c.Dex2cTest" time="0.0"/>
  <testcase name="testDexSplit" classname="com.nmmedit.dex2c.Dex2cTest" time="0.246"/>
  <testcase name="testParseDex" classname="com.nmmedit.dex2c.Dex2cTest" time="0.031"/>
  <system-out><![CDATA[[nmmp] 跳过空方法（保留 DEX）: Ltests/omnibus/Classes;->subFuncn(Z)V
[nmmp] 跳过空方法（保留 DEX）: Ltests/omnibus/MethodCall;->directly()V
[nmmp] 跳过空方法（保留 DEX）: Ltests/omnibus/Classes;->subFuncn(Z)V
[nmmp] 跳过空方法（保留 DEX）: Ltests/omnibus/MethodCall;->directly()V
]]></system-out>
  <system-err><![CDATA[]]></system-err>
</testsuite>
