<?xml version="1.0" encoding="UTF-8"?>
<testsuite name="com.nmmedit.apkprotect.dex2c.DemandCodecTest" tests="3" skipped="0" failures="0" errors="0" timestamp="2026-09-12T17:36:03" hostname="DESKTOP-MHK8Q30" time="0.075">
  <properties/>
  <testcase name="rejectsJumpIntoOperand" classname="com.nmmedit.apkprotect.dex2c.DemandCodecTest" time="0.039"/>
  <testcase name="independentCrossLanguageVector" classname="com.nmmedit.apkprotect.dex2c.DemandCodecTest" time="0.036"/>
  <testcase name="modesAreExplicit" classname="com.nmmedit.apkprotect.dex2c.DemandCodecTest" time="0.0"/>
  <system-out><![CDATA[]]></system-out>
  <system-err><![CDATA[]]></system-err>
</testsuite>
