<?xml version="1.0" encoding="UTF-8"?>
<testsuite name="com.nmmedit.dex2c.Dex2cTest" tests="5" skipped="0" failures="0" errors="0" timestamp="2026-09-13T02:49:30" hostname="DESKTOP-MHK8Q30" time="0.951">
  <properties/>
  <testcase name="testSignatureBoundRegistrationUsesInitSlotZero" classname="com.nmmedit.dex2c.Dex2cTest" time="0.646"/>
  <testcase name="testClassInvokeSuperUsesDirectSuperclass" classname="com.nmmedit.dex2c.Dex2cTest" time="0.0"/>
  <testcase name="testDexConvert" classname="com.nmmedit.dex2c.Dex2cTest" time="0.0"/>
  <testcase name="testDexSplit" classname="com.nmmedit.dex2c.Dex2cTest" time="0.27"/>
  <testcase name="testParseDex" classname="com.nmmedit.dex2c.Dex2cTest" time="0.035"/>
  <system-out><![CDATA[[nmmp] 跳过空方法（保留 DEX）: Ltests/omnibus/Classes;->subFuncn(Z)V
[nmmp] 跳过空方法（保留 DEX）: Ltests/omnibus/MethodCall;->directly()V
[nmmp] 跳过空方法（保留 DEX）: Ltests/omnibus/Classes;->subFuncn(Z)V
[nmmp] 跳过空方法（保留 DEX）: Ltests/omnibus/MethodCall;->directly()V
]]></system-out>
  <system-err><![CDATA[]]></system-err>
</testsuite>
