<?xml version="1.0" encoding="UTF-8"?>
<testsuite name="com.nmmedit.apkprotect.dex2c.DemandCodecTest" tests="3" skipped="0" failures="0" errors="0" timestamp="2026-09-13T02:49:28" hostname="DESKTOP-MHK8Q30" time="0.083">
  <properties/>
  <testcase name="rejectsJumpIntoOperand" classname="com.nmmedit.apkprotect.dex2c.DemandCodecTest" time="0.047"/>
  <testcase name="independentCrossLanguageVector" classname="com.nmmedit.apkprotect.dex2c.DemandCodecTest" time="0.035"/>
  <testcase name="onlyCodec3IsGenerated" classname="com.nmmedit.apkprotect.dex2c.DemandCodecTest" time="0.001"/>
  <system-out><![CDATA[]]></system-out>
  <system-err><![CDATA[]]></system-err>
</testsuite>
