<?xml version="1.0" encoding="UTF-8"?>
<testsuite name="com.nmmedit.apkprotect.andres.AxmlEditTest" tests="2" skipped="0" failures="0" errors="0" timestamp="2026-09-13T02:49:28" hostname="DESKTOP-MHK8Q30" time="0.046">
  <properties/>
  <testcase name="testRenameApplicationName" classname="com.nmmedit.apkprotect.andres.AxmlEditTest" time="0.045"/>
  <testcase name="testGetMinSdk" classname="com.nmmedit.apkprotect.andres.AxmlEditTest" time="0.001"/>
  <system-out><![CDATA[]]></system-out>
  <system-err><![CDATA[]]></system-err>
</testsuite>
