<?xml version="1.0" encoding="UTF-8"?>
<testsuite name="com.nmmedit.apkprotect.dex2c.MethodCodecTest" tests="2" skipped="0" failures="0" errors="0" timestamp="2026-09-13T02:49:29" hostname="DESKTOP-MHK8Q30" time="0.0">
  <properties/>
  <testcase name="matchesNativeGoldenVector" classname="com.nmmedit.apkprotect.dex2c.MethodCodecTest" time="0.0"/>
  <testcase name="separatesCodecDomains" classname="com.nmmedit.apkprotect.dex2c.MethodCodecTest" time="0.0"/>
  <system-out><![CDATA[]]></system-out>
  <system-err><![CDATA[]]></system-err>
</testsuite>
