<?xml version="1.0" encoding="UTF-8"?>
<testsuite name="com.nmmedit.dex2c.converter.instructionrewriter.RandomInstructionRewriterTest" tests="1" skipped="0" failures="0" errors="0" timestamp="2026-09-13T02:49:31" hostname="DESKTOP-MHK8Q30" time="0.007">
  <properties/>
  <testcase name="testInsRewriter" classname="com.nmmedit.dex2c.converter.instructionrewriter.RandomInstructionRewriterTest" time="0.007"/>
  <system-out><![CDATA[    H(OP_NOP),                                                            \\
    H(OP_CONST_WIDE),                                                            \\
    H(OP_IF_EQ),                                                            \\
    H(OP_ADD_INT),                                                            \\
    H(OP_AGET_WIDE),                                                            \\
    H(OP_OR_LONG_2ADDR),                                                            \\
    H(OP_IPUT_QUICK),                                                            \\
    H(OP_AGET_CHAR),                                                            \\
    H(OP_OR_INT_LIT16),                                                            \\
    H(OP_INVOKE_INTERFACE),                                                            \\
    H(OP_MUL_DOUBLE_2ADDR),                                                            \\
    H(OP_INVOKE_POLYMORPHIC),                                                            \\
    H(OP_MOVE_EXCEPTION),                                                            \\
    H(OP_DIV_FLOAT),                                                            \\
    H(OP_RETURN_WIDE),                                                            \\
    H(OP_INVOKE_CUSTOM),                                                            \\
    H(OP_AND_INT_2ADDR),                                                            \\
    H(OP_MOVE),                                                            \\
    H(OP_INT_TO_DOUBLE),                                                            \\
    H(OP_CMPG_DOUBLE),                                                            \\
    H(OP_RETURN_OBJECT),                                                            \\
    H(OP_APUT_SHORT),                                                            \\
    H(OP_CONST_METHOD_TYPE),                                                            \\
    H(OP_REM_INT),                                                            \\
    H(OP_USHR_INT),                                                            \\
    H(OP_CMPL_DOUBLE),                                                            \\
    H(OP_REM_DOUBLE),                                                            \\
    H(OP_INVOKE_VIRTUAL_QUICK),                                                            \\
    H(OP_IF_GE),                                                            \\
    H(OP_IGET_QUICK),                                                            \\
    H(OP_IPUT_OBJECT_QUICK),                                                            \\
    H(OP_ADD_DOUBLE),                                                            \\
    H(OP_REM_FLOAT_2ADDR),                                                            \\
    H(OP_MUL_INT_2ADDR),                                                            \\
    H(OP_APUT),                                                            \\
    H(OP_IPUT),                                                            \\
    H(OP_FILLED_NEW_ARRAY),                                                            \\
    H(OP_APUT_BYTE),                                                            \\
    H(OP_INSTANCE_OF),                                                            \\
    H(OP_REM_INT_2ADDR),                                                            \\
    H(OP_USHR_LONG_2ADDR),                                                            \\
    H(OP_MOVE_OBJECT_FROM16),                                                            \\
    H(OP_SPUT),                                                            \\
    H(OP_AGET),                                                            \\
    H(OP_AGET_BYTE),                                                            \\
    H(OP_ADD_INT_2ADDR),                                                            \\
    H(OP_XOR_LONG),                                                            \\
    H(OP_MUL_INT_LIT8),                                                            \\
    H(OP_SHR_LONG_2ADDR),                                                            \\
    H(OP_FLOAT_TO_DOUBLE),                                                            \\
    H(OP_SGET_BYTE),                                                            \\
    H(OP_PACKED_SWITCH),                                                            \\
    H(OP_IPUT_BYTE_QUICK),                                                            \\
    H(OP_SPARSE_SWITCH),                                                            \\
    H(OP_MOVE_FROM16),                                                            \\
    H(OP_DIV_FLOAT_2ADDR),                                                            \\
    H(OP_MOVE_WIDE_FROM16),                                                            \\
    H(OP_SHR_INT),                                                            \\
    H(OP_IGET_CHAR_QUICK),                                                            \\
    H(OP_CONST_4),                                                            \\
    H(OP_CONST),                                                            \\
    H(OP_XOR_INT),                                                            \\
    H(OP_UNUSED_3E),                                                            \\
    H(OP_UNUSED_3F),                                                            \\
    H(OP_UNUSED_40),                                                            \\
    H(OP_UNUSED_41),                                                            \\
    H(OP_UNUSED_42),                                                            \\
    H(OP_UNUSED_43),                                                            \\
    H(OP_INT_TO_CHAR),                                                            \\
    H(OP_IGET_BOOLEAN),                                                            \\
    H(OP_CONST_CLASS),                                                            \\
    H(OP_IF_GTZ),                                                            \\
    H(OP_MONITOR_ENTER),                                                            \\
    H(OP_INVOKE_DIRECT_RANGE),                                                            \\
    H(OP_FILLED_NEW_ARRAY_RANGE),                                                            \\
    H(OP_IF_LEZ),                                                            \\
    H(OP_CONST_STRING_JUMBO),                                                            \\
    H(OP_CMP_LONG),                                                            \\
    H(OP_MUL_LONG_2ADDR),                                                            \\
    H(OP_IGET_SHORT),                                                            \\
    H(OP_DOUBLE_TO_INT),                                                            \\
    H(OP_APUT_WIDE),                                                            \\
    H(OP_GOTO),                                                            \\
    H(OP_IGET_SHORT_QUICK),                                                            \\
    H(OP_CMPG_FLOAT),                                                            \\
    H(OP_AND_INT_LIT8),                                                            \\
    H(OP_SHR_LONG),                                                            \\
    H(OP_AGET_OBJECT),                                                            \\
    H(OP_DIV_LONG_2ADDR),                                                            \\
    H(OP_INVOKE_SUPER),                                                            \\
    H(OP_IPUT_BOOLEAN_QUICK),                                                            \\
    H(OP_OR_INT),                                                            \\
    H(OP_IGET_BOOLEAN_QUICK),                                                            \\
    H(OP_SUB_DOUBLE),                                                            \\
    H(OP_INVOKE_VIRTUAL),                                                            \\
    H(OP_MUL_INT_LIT16),                                                            \\
    H(OP_GOTO_32),                                                            \\
    H(OP_OR_INT_LIT8),                                                            \\
    H(OP_IPUT_WIDE_QUICK),                                                            \\
    H(OP_MOVE_OBJECT_16),                                                            \\
    H(OP_INVOKE_INTERFACE_RANGE),                                                            \\
    H(OP_ADD_INT_LIT16),                                                            \\
    H(OP_SHL_INT_2ADDR),                                                            \\
    H(OP_INT_TO_FLOAT),                                                            \\
    H(OP_AND_INT),                                                            \\
    H(OP_INVOKE_STATIC),                                                            \\
    H(OP_ADD_LONG),                                                            \\
    H(OP_SUB_LONG_2ADDR),                                                            \\
    H(OP_APUT_OBJECT),                                                            \\
    H(OP_THROW),                                                            \\
    H(OP_SGET),                                                            \\
    H(OP_REM_FLOAT),                                                            \\
    H(OP_NOT_LONG),                                                            \\
    H(OP_IF_EQZ),                                                            \\
    H(OP_MOVE_16),                                                            \\
    H(OP_REM_INT_LIT8),                                                            \\
    H(OP_NEG_INT),                                                            \\
    H(OP_RETURN),                                                            \\
    H(OP_SPUT_CHAR),                                                            \\
    H(OP_LONG_TO_FLOAT),                                                            \\
    H(OP_IGET_OBJECT_QUICK),                                                            \\
    H(OP_UNUSED_79),                                                            \\
    H(OP_UNUSED_7A),                                                            \\
    H(OP_SHL_INT),                                                            \\
    H(OP_IGET_BYTE_QUICK),                                                            \\
    H(OP_MUL_DOUBLE),                                                            \\
    H(OP_SHL_LONG_2ADDR),                                                            \\
    H(OP_MOVE_WIDE_16),                                                            \\
    H(OP_DIV_DOUBLE_2ADDR),                                                            \\
    H(OP_ADD_DOUBLE_2ADDR),                                                            \\
    H(OP_SUB_FLOAT_2ADDR),                                                            \\
    H(OP_INVOKE_CUSTOM_RANGE),                                                            \\
    H(OP_AGET_BOOLEAN),                                                            \\
    H(OP_CONST_WIDE_32),                                                            \\
    H(OP_XOR_INT_2ADDR),                                                            \\
    H(OP_IGET_WIDE),                                                            \\
    H(OP_RETURN_VOID),                                                            \\
    H(OP_IPUT_WIDE),                                                            \\
    H(OP_OR_LONG),                                                            \\
    H(OP_IPUT_CHAR_QUICK),                                                            \\
    H(OP_IPUT_BYTE),                                                            \\
    H(OP_CONST_METHOD_HANDLE),                                                            \\
    H(OP_SUB_LONG),                                                            \\
    H(OP_INT_TO_LONG),                                                            \\
    H(OP_REM_DOUBLE_2ADDR),                                                            \\
    H(OP_IPUT_OBJECT),                                                            \\
    H(OP_INVOKE_SUPER_RANGE),                                                            \\
    H(OP_RSUB_INT),                                                            \\
    H(OP_ADD_FLOAT),                                                            \\
    H(OP_MUL_FLOAT),                                                            \\
    H(OP_XOR_INT_LIT8),                                                            \\
    H(OP_IF_LT),                                                            \\
    H(OP_NOT_INT),                                                            \\
    H(OP_INVOKE_STATIC_RANGE),                                                            \\
    H(OP_MOVE_RESULT_WIDE),                                                            \\
    H(OP_NEG_FLOAT),                                                            \\
    H(OP_INT_TO_BYTE),                                                            \\
    H(OP_RSUB_INT_LIT8),                                                            \\
    H(OP_ADD_LONG_2ADDR),                                                            \\
    H(OP_DIV_LONG),                                                            \\
    H(OP_CONST_STRING),                                                            \\
    H(OP_XOR_LONG_2ADDR),                                                            \\
    H(OP_AGET_SHORT),                                                            \\
    H(OP_OR_INT_2ADDR),                                                            \\
    H(OP_RETURN_VOID_NO_BARRIER),                                                            \\
    H(OP_MOVE_RESULT_OBJECT),                                                            \\
    H(OP_IF_NEZ),                                                            \\
    H(OP_XOR_INT_LIT16),                                                            \\
    H(OP_ADD_INT_LIT8),                                                            \\
    H(OP_MOVE_OBJECT),                                                            \\
    H(OP_FLOAT_TO_LONG),                                                            \\
    H(OP_IPUT_SHORT),                                                            \\
    H(OP_APUT_BOOLEAN),                                                            \\
    H(OP_DOUBLE_TO_FLOAT),                                                            \\
    H(OP_DIV_INT_LIT16),                                                            \\
    H(OP_INVOKE_VIRTUAL_QUICK_RANGE),                                                            \\
    H(OP_SHR_INT_LIT8),                                                            \\
    H(OP_SGET_CHAR),                                                            \\
    H(OP_MUL_LONG),                                                            \\
    H(OP_CONST_HIGH16),                                                            \\
    H(OP_CONST_WIDE_HIGH16),                                                            \\
    H(OP_CMPL_FLOAT),                                                            \\
    H(OP_ADD_FLOAT_2ADDR),                                                            \\
    H(OP_IPUT_BOOLEAN),                                                            \\
    H(OP_SHR_INT_2ADDR),                                                            \\
    H(OP_NEW_ARRAY),                                                            \\
    H(OP_SGET_WIDE),                                                            \\
    H(OP_MUL_FLOAT_2ADDR),                                                            \\
    H(OP_REM_LONG_2ADDR),                                                            \\
    H(OP_IF_NE),                                                            \\
    H(OP_APUT_CHAR),                                                            \\
    H(OP_IF_LE),                                                            \\
    H(OP_IPUT_CHAR),                                                            \\
    H(OP_CONST_WIDE_16),                                                            \\
    H(OP_DIV_DOUBLE),                                                            \\
    H(OP_IPUT_SHORT_QUICK),                                                            \\
    H(OP_AND_INT_LIT16),                                                            \\
    H(OP_SUB_FLOAT),                                                            \\
    H(OP_NEG_DOUBLE),                                                            \\
    H(OP_SPUT_SHORT),                                                            \\
    H(OP_SPUT_OBJECT),                                                            \\
    H(OP_DIV_INT_LIT8),                                                            \\
    H(OP_SPUT_BOOLEAN),                                                            \\
    H(OP_GOTO_16),                                                            \\
    H(OP_SHL_LONG),                                                            \\
    H(OP_NEG_LONG),                                                            \\
    H(OP_IGET_WIDE_QUICK),                                                            \\
    H(OP_USHR_INT_2ADDR),                                                            \\
    H(OP_INVOKE_POLYMORPHIC_RANGE),                                                            \\
    H(OP_INVOKE_DIRECT),                                                            \\
    H(OP_REM_LONG),                                                            \\
    H(OP_NEW_INSTANCE),                                                            \\
    H(OP_USHR_INT_LIT8),                                                            \\
    H(OP_SPUT_BYTE),                                                            \\
    H(OP_DOUBLE_TO_LONG),                                                            \\
    H(OP_IGET),                                                            \\
    H(OP_ARRAY_LENGTH),                                                            \\
    H(OP_SHL_INT_LIT8),                                                            \\
    H(OP_SPUT_WIDE),                                                            \\
    H(OP_IGET_OBJECT),                                                            \\
    H(OP_LONG_TO_DOUBLE),                                                            \\
    H(OP_LONG_TO_INT),                                                            \\
    H(OP_SUB_INT),                                                            \\
    H(OP_MOVE_RESULT),                                                            \\
    H(OP_AND_LONG),                                                            \\
    H(OP_IF_GEZ),                                                            \\
    H(OP_DIV_INT_2ADDR),                                                            \\
    H(OP_REM_INT_LIT16),                                                            \\
    H(OP_IGET_CHAR),                                                            \\
    H(OP_SUB_INT_2ADDR),                                                            \\
    H(OP_SUB_DOUBLE_2ADDR),                                                            \\
    H(OP_IF_LTZ),                                                            \\
    H(OP_CONST_16),                                                            \\
    H(OP_AND_LONG_2ADDR),                                                            \\
    H(OP_USHR_LONG),                                                            \\
    H(OP_INT_TO_SHORT),                                                            \\
    H(OP_DIV_INT),                                                            \\
    H(OP_SGET_OBJECT),                                                            \\
    H(OP_IF_GT),                                                            \\
    H(OP_MOVE_WIDE),                                                            \\
    H(OP_SGET_SHORT),                                                            \\
    H(OP_IGET_BYTE),                                                            \\
    H(OP_FLOAT_TO_INT),                                                            \\
    H(OP_UNUSED_F3),                                                            \\
    H(OP_UNUSED_F4),                                                            \\
    H(OP_UNUSED_F5),                                                            \\
    H(OP_UNUSED_F6),                                                            \\
    H(OP_UNUSED_F7),                                                            \\
    H(OP_UNUSED_F8),                                                            \\
    H(OP_UNUSED_F9),                                                            \\
    H(OP_MUL_INT),                                                            \\
    H(OP_MONITOR_EXIT),                                                            \\
    H(OP_INVOKE_VIRTUAL_RANGE),                                                            \\
    H(OP_FILL_ARRAY_DATA),                                                            \\
    H(OP_CHECK_CAST),                                                            \\
    H(OP_SGET_BOOLEAN),                                                            \\

]]></system-out>
  <system-err><![CDATA[]]></system-err>
</testsuite>
