<?xml version="1.0" encoding="UTF-8"?>
<testsuite name="com.nmmedit.apkprotect.dex2c.filters.ProguardMappingConfigTest" tests="3" skipped="0" failures="0" errors="0" timestamp="2026-09-12T21:26:24" hostname="DESKTOP-MHK8Q30" time="0.007">
  <properties/>
  <testcase name="testMatchesMethodWithObfuscatedReturnType" classname="com.nmmedit.apkprotect.dex2c.filters.ProguardMappingConfigTest" time="0.004"/>
  <testcase name="testMatchesR8InlinedMethodByOriginalRule" classname="com.nmmedit.apkprotect.dex2c.filters.ProguardMappingConfigTest" time="0.003"/>
  <testcase name="testMatchesMethodWithObfuscatedOwner" classname="com.nmmedit.apkprotect.dex2c.filters.ProguardMappingConfigTest" time="0.0"/>
  <system-out><![CDATA[]]></system-out>
  <system-err><![CDATA[]]></system-err>
</testsuite>
