<?xml version="1.0" encoding="UTF-8"?>
<testsuite name="com.nmmedit.apkprotect.aar.asm.AsmUtilsTest" tests="2" skipped="0" failures="0" errors="0" timestamp="2026-09-12T21:26:23" hostname="DESKTOP-MHK8Q30" time="0.029">
  <properties/>
  <testcase name="testGenCf" classname="com.nmmedit.apkprotect.aar.asm.AsmUtilsTest" time="0.001"/>
  <testcase name="testInjectStaticBlock" classname="com.nmmedit.apkprotect.aar.asm.AsmUtilsTest" time="0.028"/>
  <system-out><![CDATA[]]></system-out>
  <system-err><![CDATA[]]></system-err>
</testsuite>
