<?xml version="1.0" encoding="UTF-8"?>
<testsuite name="com.nmmedit.apkprotect.dex2c.DemandModuleTest" tests="6" skipped="0" failures="0" errors="0" timestamp="2026-09-12T21:26:23" hostname="DESKTOP-MHK8Q30" time="0.175">
  <properties/>
  <testcase name="generatorUsesTokenModuleAndLegacyStillUsesEncodedCode" classname="com.nmmedit.apkprotect.dex2c.DemandModuleTest" time="0.154"/>
  <testcase name="frozenLayoutUnsignedDirectoryAndEveryMethodRoundtrip" classname="com.nmmedit.apkprotect.dex2c.DemandModuleTest" time="0.014"/>
  <testcase name="fixedNativeReplayVector" classname="com.nmmedit.apkprotect.dex2c.DemandModuleTest" time="0.001"/>
  <testcase name="emptyModuleHasValidFixedSections" classname="com.nmmedit.apkprotect.dex2c.DemandModuleTest" time="0.0"/>
  <testcase name="randomizationChangesStructureAndInputsAreOwned" classname="com.nmmedit.apkprotect.dex2c.DemandModuleTest" time="0.002"/>
  <testcase name="tokenCollisionRetriesAndPreservesEntireUnsignedRange" classname="com.nmmedit.apkprotect.dex2c.DemandModuleTest" time="0.002"/>
  <system-out><![CDATA[]]></system-out>
  <system-err><![CDATA[]]></system-err>
</testsuite>
