<?xml version="1.0" encoding="UTF-8"?>
<testsuite name="com.nmmedit.apkprotect.dex2c.NativeProgramTest" tests="4" skipped="0" failures="0" errors="0" timestamp="2026-09-12T21:26:24" hostname="DESKTOP-MHK8Q30" time="0.023">
  <properties/>
  <testcase name="rootHeaderAndRandomTableAreStableOnlyUnderExplicitTestSeed" classname="com.nmmedit.apkprotect.dex2c.NativeProgramTest" time="0.002"/>
  <testcase name="everyByteCorruptionFailsTrustedHash" classname="com.nmmedit.apkprotect.dex2c.NativeProgramTest" time="0.001"/>
  <testcase name="frozenVectorsCoverEveryOpcodeAndFailure" classname="com.nmmedit.apkprotect.dex2c.NativeProgramTest" time="0.005"/>
  <testcase name="seededArithmeticProgramsAgreeWithBigIntegerOracle" classname="com.nmmedit.apkprotect.dex2c.NativeProgramTest" time="0.015"/>
  <system-out><![CDATA[]]></system-out>
  <system-err><![CDATA[]]></system-err>
</testsuite>
