<?xml version="1.0" encoding="UTF-8"?>
<testsuite name="com.nmmedit.apkprotect.BuildNativeLibTest" tests="2" skipped="0" failures="0" errors="0" timestamp="2026-09-12T21:26:23" hostname="DESKTOP-MHK8Q30" time="0.008">
  <properties/>
  <testcase name="passesOmvllPluginToCmakeWhenConfigured" classname="com.nmmedit.apkprotect.BuildNativeLibTest" time="0.007"/>
  <testcase name="omitsOmvllArgumentWhenPluginIsNotConfigured" classname="com.nmmedit.apkprotect.BuildNativeLibTest" time="0.001"/>
  <system-out><![CDATA[]]></system-out>
  <system-err><![CDATA[]]></system-err>
</testsuite>
